# JRE version: Java(TM) SE Runtime Environment (8.0_202-b08) (build 1.8.0_202-b08)
# Java VM: Java HotSpot(TM) 64-Bit Server VM (25.202-b08 mixed mode windows-amd64 compressed oops)
Heap:
 PSYoungGen      total 685056K, used 383528K [0x00000000d5b80000, 0x00000000fff80000, 0x0000000100000000)
  eden space 678400K, 55% used [0x00000000d5b80000,0x00000000ece7ffb0,0x00000000ff200000)
  from space 6656K, 54% used [0x00000000ff880000,0x00000000ffc0a1b8,0x00000000fff00000)
  to   space 6656K, 0% used [0x00000000ff200000,0x00000000ff200000,0x00000000ff880000)
 ParOldGen       total 238592K, used 57885K [0x0000000081200000, 0x000000008fb00000, 0x00000000d5b80000)
  object space 238592K, 24% used [0x0000000081200000,0x0000000084a87438,0x000000008fb00000)
 Metaspace       used 15412K, capacity 15740K, committed 15872K, reserved 1062912K
  class space    used 1687K, capacity 1778K, committed 1792K, reserved 1048576K
GC Heap History (10 events):
Event: 16874.886 GC heap before
{Heap before GC invocations=1815 (full 34):
 PSYoungGen      total 685056K, used 680672K [0x00000000d5b80000, 0x0000000100000000, 0x0000000100000000)
  eden space 677376K, 100% used [0x00000000d5b80000,0x00000000ff100000,0x00000000ff100000)
  from space 7680K, 42% used [0x00000000ff880000,0x00000000ffbb8218,0x0000000100000000)
  to   space 7680K, 0% used [0x00000000ff100000,0x00000000ff100000,0x00000000ff880000)
 ParOldGen       total 227840K, used 210808K [0x0000000081200000, 0x000000008f080000, 0x00000000d5b80000)
  object space 227840K, 92% used [0x0000000081200000,0x000000008dfde0a8,0x000000008f080000)
 Metaspace       used 15412K, capacity 15740K, committed 15872K, reserved 1062912K
  class space    used 1687K, capacity 1778K, committed 1792K, reserved 1048576K
Event: 16874.897 GC heap after
Heap after GC invocations=1815 (full 34):
 PSYoungGen      total 681984K, used 4416K [0x00000000d5b80000, 0x00000000fff00000, 0x0000000100000000)
  eden space 677376K, 0% used [0x00000000d5b80000,0x00000000d5b80000,0x00000000ff100000)
  from space 4608K, 95% used [0x00000000ff100000,0x00000000ff550000,0x00000000ff580000)
  to   space 7168K, 0% used [0x00000000ff800000,0x00000000ff800000,0x00000000fff00000)
 ParOldGen       total 227840K, used 214025K [0x0000000081200000, 0x000000008f080000, 0x00000000d5b80000)
  object space 227840K, 93% used [0x0000000081200000,0x000000008e302610,0x000000008f080000)
 Metaspace       used 15412K, capacity 15740K, committed 15872K, reserved 1062912K
  class space    used 1687K, capacity 1778K, committed 1792K, reserved 1048576K
}
Event: 16875.662 GC heap before
{Heap before GC invocations=1816 (full 34):
 PSYoungGen      total 681984K, used 681792K [0x00000000d5b80000, 0x00000000fff00000, 0x0000000100000000)
  eden space 677376K, 100% used [0x00000000d5b80000,0x00000000ff100000,0x00000000ff100000)
  from space 4608K, 95% used [0x00000000ff100000,0x00000000ff550000,0x00000000ff580000)
  to   space 7168K, 0% used [0x00000000ff800000,0x00000000ff800000,0x00000000fff00000)
 ParOldGen       total 227840K, used 214025K [0x0000000081200000, 0x000000008f080000, 0x00000000d5b80000)
  object space 227840K, 93% used [0x0000000081200000,0x000000008e302610,0x000000008f080000)
 Metaspace       used 15412K, capacity 15740K, committed 15872K, reserved 1062912K
  class space    used 1687K, capacity 1778K, committed 1792K, reserved 1048576K
Event: 16875.671 GC heap after
Heap after GC invocations=1816 (full 34):
 PSYoungGen      total 684544K, used 3488K [0x00000000d5b80000, 0x0000000100000000, 0x0000000100000000)
  eden space 677376K, 0% used [0x00000000d5b80000,0x00000000d5b80000,0x00000000ff100000)
  from space 7168K, 48% used [0x00000000ff800000,0x00000000ffb68218,0x00000000fff00000)
  to   space 7168K, 0% used [0x00000000ff100000,0x00000000ff100000,0x00000000ff800000)
 ParOldGen       total 227840K, used 218449K [0x0000000081200000, 0x000000008f080000, 0x00000000d5b80000)
  object space 227840K, 95% used [0x0000000081200000,0x000000008e7547b8,0x000000008f080000)
 Metaspace       used 15412K, capacity 15740K, committed 15872K, reserved 1062912K
  class space    used 1687K, capacity 1778K, committed 1792K, reserved 1048576K
}
Event: 16876.427 GC heap before
{Heap before GC invocations=1817 (full 34):
 PSYoungGen      total 684544K, used 680864K [0x00000000d5b80000, 0x0000000100000000, 0x0000000100000000)
  eden space 677376K, 100% used [0x00000000d5b80000,0x00000000ff100000,0x00000000ff100000)
  from space 7168K, 48% used [0x00000000ff800000,0x00000000ffb68218,0x00000000fff00000)
  to   space 7168K, 0% used [0x00000000ff100000,0x00000000ff100000,0x00000000ff800000)
 ParOldGen       total 227840K, used 218449K [0x0000000081200000, 0x000000008f080000, 0x00000000d5b80000)
  object space 227840K, 95% used [0x0000000081200000,0x000000008e7547b8,0x000000008f080000)
 Metaspace       used 15412K, capacity 15740K, committed 15872K, reserved 1062912K
  class space    used 1687K, capacity 1778K, committed 1792K, reserved 1048576K
Event: 16876.439 GC heap after
Heap after GC invocations=1817 (full 34):
 PSYoungGen      total 684544K, used 4224K [0x00000000d5b80000, 0x00000000fff00000, 0x0000000100000000)
  eden space 677376K, 0% used [0x00000000d5b80000,0x00000000d5b80000,0x00000000ff100000)
  from space 7168K, 58% used [0x00000000ff100000,0x00000000ff520000,0x00000000ff800000)
  to   space 6656K, 0% used [0x00000000ff880000,0x00000000ff880000,0x00000000fff00000)
 ParOldGen       total 227840K, used 221891K [0x0000000081200000, 0x000000008f080000, 0x00000000d5b80000)
  object space 227840K, 97% used [0x0000000081200000,0x000000008eab0d20,0x000000008f080000)
 Metaspace       used 15412K, capacity 15740K, committed 15872K, reserved 1062912K
  class space    used 1687K, capacity 1778K, committed 1792K, reserved 1048576K
}
Event: 16876.439 GC heap before
{Heap before GC invocations=1818 (full 35):
 PSYoungGen      total 684544K, used 4224K [0x00000000d5b80000, 0x00000000fff00000, 0x0000000100000000)
  eden space 677376K, 0% used [0x00000000d5b80000,0x00000000d5b80000,0x00000000ff100000)
  from space 7168K, 58% used [0x00000000ff100000,0x00000000ff520000,0x00000000ff800000)
  to   space 6656K, 0% used [0x00000000ff880000,0x00000000ff880000,0x00000000fff00000)
 ParOldGen       total 227840K, used 221891K [0x0000000081200000, 0x000000008f080000, 0x00000000d5b80000)
  object space 227840K, 97% used [0x0000000081200000,0x000000008eab0d20,0x000000008f080000)
 Metaspace       used 15412K, capacity 15740K, committed 15872K, reserved 1062912K
  class space    used 1687K, capacity 1778K, committed 1792K, reserved 1048576K
Event: 16876.581 GC heap after
Heap after GC invocations=1818 (full 35):
 PSYoungGen      total 684544K, used 0K [0x00000000d5b80000, 0x00000000fff00000, 0x0000000100000000)
  eden space 677376K, 0% used [0x00000000d5b80000,0x00000000d5b80000,0x00000000ff100000)
  from space 7168K, 0% used [0x00000000ff100000,0x00000000ff100000,0x00000000ff800000)
  to   space 6656K, 0% used [0x00000000ff880000,0x00000000ff880000,0x00000000fff00000)
 ParOldGen       total 238592K, used 57885K [0x0000000081200000, 0x000000008fb00000, 0x00000000d5b80000)
  object space 238592K, 24% used [0x0000000081200000,0x0000000084a87438,0x000000008fb00000)
 Metaspace       used 15412K, capacity 15740K, committed 15872K, reserved 1062912K
  class space    used 1687K, capacity 1778K, committed 1792K, reserved 1048576K
}
Event: 16877.318 GC heap before
{Heap before GC invocations=1819 (full 35):
 PSYoungGen      total 684544K, used 677376K [0x00000000d5b80000, 0x00000000fff00000, 0x0000000100000000)
  eden space 677376K, 100% used [0x00000000d5b80000,0x00000000ff100000,0x00000000ff100000)
  from space 7168K, 0% used [0x00000000ff100000,0x00000000ff100000,0x00000000ff800000)
  to   space 6656K, 0% used [0x00000000ff880000,0x00000000ff880000,0x00000000fff00000)
 ParOldGen       total 238592K, used 57885K [0x0000000081200000, 0x000000008fb00000, 0x00000000d5b80000)
  object space 238592K, 24% used [0x0000000081200000,0x0000000084a87438,0x000000008fb00000)
 Metaspace       used 15412K, capacity 15740K, committed 15872K, reserved 1062912K
  class space    used 1687K, capacity 1778K, committed 1792K, reserved 1048576K
Event: 16877.323 GC heap after
Heap after GC invocations=1819 (full 35):
 PSYoungGen      total 685056K, used 3624K [0x00000000d5b80000, 0x00000000fff80000, 0x0000000100000000)
  eden space 678400K, 0% used [0x00000000d5b80000,0x00000000d5b80000,0x00000000ff200000)
  from space 6656K, 54% used [0x00000000ff880000,0x00000000ffc0a1b8,0x00000000fff00000)
  to   space 6656K, 0% used [0x00000000ff200000,0x00000000ff200000,0x00000000ff880000)
 ParOldGen       total 238592K, used 57885K [0x0000000081200000, 0x000000008fb00000, 0x00000000d5b80000)
  object space 238592K, 24% used [0x0000000081200000,0x0000000084a87438,0x000000008fb00000)
 Metaspace       used 15412K, capacity 15740K, committed 15872K, reserved 1062912K
  class space    used 1687K, capacity 1778K, committed 1792K, reserved 1048576K
}

